ERROR - 2026-04-10 14:50:22 --> Error connecting to the database: mysqli_sql_exception: Unknown database 'amfs_refactor' in C:\xampp\htdocs\www\AMFS-refactor\system\Database\MySQLi\Connection.php:197
Stack trace:
#0 C:\xampp\htdocs\www\AMFS-refactor\system\Database\MySQLi\Connection.php(197): mysqli->real_connect('localhost', 'root', Object(SensitiveParameterValue), 'amfs_refactor', 3306, '', 0)
#1 C:\xampp\htdocs\www\AMFS-refactor\system\Database\BaseConnection.php(442): CodeIgniter\Database\MySQLi\Connection->connect(false)
#2 C:\xampp\htdocs\www\AMFS-refactor\system\Database\BaseConnection.php(627): CodeIgniter\Database\BaseConnection->initialize()
#3 C:\xampp\htdocs\www\AMFS-refactor\system\Database\BaseConnection.php(1423): CodeIgniter\Database\BaseConnection->query('SHOW TABLES FRO...')
#4 C:\xampp\htdocs\www\AMFS-refactor\system\Database\BaseConnection.php(1443): CodeIgniter\Database\BaseConnection->listTables()
#5 C:\xampp\htdocs\www\AMFS-refactor\system\Database\MigrationRunner.php(658): CodeIgniter\Database\BaseConnection->tableExists('migrations')
#6 C:\xampp\htdocs\www\AMFS-refactor\system\Database\MigrationRunner.php(161): CodeIgniter\Database\MigrationRunner->ensureTable()
#7 C:\xampp\htdocs\www\AMFS-refactor\system\Commands\Database\Migrate.php(84): CodeIgniter\Database\MigrationRunner->latest(NULL)
#8 C:\xampp\htdocs\www\AMFS-refactor\system\CLI\Commands.php(72): CodeIgniter\Commands\Database\Migrate->run(Array)
#9 C:\xampp\htdocs\www\AMFS-refactor\system\CLI\Console.php(46): CodeIgniter\CLI\Commands->run('migrate', Array)
#10 C:\xampp\htdocs\www\AMFS-refactor\system\Boot.php(366): CodeIgniter\CLI\Console->run()
#11 C:\xampp\htdocs\www\AMFS-refactor\system\Boot.php(104): CodeIgniter\Boot::runCommand(Object(CodeIgniter\CLI\Console))
#12 C:\xampp\htdocs\www\AMFS-refactor\spark(87): CodeIgniter\Boot::bootSpark(Object(Config\Paths))
#13 {main}

Next CodeIgniter\Database\Exceptions\DatabaseException: Unknown database 'amfs_refactor' in C:\xampp\htdocs\www\AMFS-refactor\system\Database\MySQLi\Connection.php:242
Stack trace:
#0 C:\xampp\htdocs\www\AMFS-refactor\system\Database\BaseConnection.php(442): CodeIgniter\Database\MySQLi\Connection->connect(false)
#1 C:\xampp\htdocs\www\AMFS-refactor\system\Database\BaseConnection.php(627): CodeIgniter\Database\BaseConnection->initialize()
#2 C:\xampp\htdocs\www\AMFS-refactor\system\Database\BaseConnection.php(1423): CodeIgniter\Database\BaseConnection->query('SHOW TABLES FRO...')
#3 C:\xampp\htdocs\www\AMFS-refactor\system\Database\BaseConnection.php(1443): CodeIgniter\Database\BaseConnection->listTables()
#4 C:\xampp\htdocs\www\AMFS-refactor\system\Database\MigrationRunner.php(658): CodeIgniter\Database\BaseConnection->tableExists('migrations')
#5 C:\xampp\htdocs\www\AMFS-refactor\system\Database\MigrationRunner.php(161): CodeIgniter\Database\MigrationRunner->ensureTable()
#6 C:\xampp\htdocs\www\AMFS-refactor\system\Commands\Database\Migrate.php(84): CodeIgniter\Database\MigrationRunner->latest(NULL)
#7 C:\xampp\htdocs\www\AMFS-refactor\system\CLI\Commands.php(72): CodeIgniter\Commands\Database\Migrate->run(Array)
#8 C:\xampp\htdocs\www\AMFS-refactor\system\CLI\Console.php(46): CodeIgniter\CLI\Commands->run('migrate', Array)
#9 C:\xampp\htdocs\www\AMFS-refactor\system\Boot.php(366): CodeIgniter\CLI\Console->run()
#10 C:\xampp\htdocs\www\AMFS-refactor\system\Boot.php(104): CodeIgniter\Boot::runCommand(Object(CodeIgniter\CLI\Console))
#11 C:\xampp\htdocs\www\AMFS-refactor\spark(87): CodeIgniter\Boot::bootSpark(Object(Config\Paths))
#12 {main}
CRITICAL - 2026-04-10 14:50:22 --> TypeError: str_pad(): Argument #1 ($string) must be of type string, int given
[Method: CLI, Route: migrate]
in APPPATH\Views\errors\cli\error_exception.php on line 36.
 1 APPPATH\Views\errors\cli\error_exception.php(36): str_pad(1, 3, ' ', 0)
 2 SYSTEMPATH\CLI\BaseCommand.php(225): require('C:\\xampp\\htdocs\\www\\AMFS-refactor\\app\\Views\\errors\\cli\\error_exception.php')
 3 SYSTEMPATH\Commands\Database\Migrate.php(98): CodeIgniter\CLI\BaseCommand->showError(Object(CodeIgniter\Database\Exceptions\DatabaseException))
 4 SYSTEMPATH\CLI\Commands.php(72): CodeIgniter\Commands\Database\Migrate->run([])
 5 SYSTEMPATH\CLI\Console.php(46): CodeIgniter\CLI\Commands->run('migrate', [])
 6 SYSTEMPATH\Boot.php(366): CodeIgniter\CLI\Console->run()
 7 SYSTEMPATH\Boot.php(104): CodeIgniter\Boot::runCommand(Object(CodeIgniter\CLI\Console))
 8 ROOTPATH\spark(87): CodeIgniter\Boot::bootSpark(Object(Config\Paths))
CRITICAL - 2026-04-10 14:50:22 --> ErrorException: Uncaught TypeError: str_pad(): Argument #1 ($string) must be of type string, int given in C:\xampp\htdocs\www\AMFS-refactor\app\Views\errors\cli\error_exception.php:36
Stack trace:
#0 C:\xampp\htdocs\www\AMFS-refactor\app\Views\errors\cli\error_exception.php(36): str_pad(1, 3, ' ', 0)
#1 C:\xampp\htdocs\www\AMFS-refactor\system\Debug\BaseExceptionHandler.php(228): include('C:\\xampp\\htdocs...')
#2 C:\xampp\htdocs\www\AMFS-refactor\system\Debug\BaseExceptionHandler.php(231): CodeIgniter\Debug\BaseExceptionHandler->CodeIgniter\Debug\{closure}()
#3 C:\xampp\htdocs\www\AMFS-refactor\system\Debug\ExceptionHandler.php(115): CodeIgniter\Debug\BaseExceptionHandler->render(Object(TypeError), 500, 'C:\\xampp\\htdocs...')
#4 C:\xampp\htdocs\www\AMFS-refactor\system\Debug\Exceptions.php(156): CodeIgniter\Debug\ExceptionHandler->handle(Object(TypeError), Object(CodeIgniter\HTTP\CLIRequest), Object(CodeIgniter\HTTP\Response), 500, 1)
#5 [internal function]: CodeIgniter\Debug\Exceptions->exceptionHandler(Object(TypeError))
#6 {main}
  thrown
【Previous Exception】
TypeError
str_pad(): Argument #1 ($string) must be of type string, int given
#0 C:\xampp\htdocs\www\AMFS-refactor\app\Views\errors\cli\error_exception.php(36): str_pad(1, 3, ' ', 0)
#1 C:\xampp\htdocs\www\AMFS-refactor\system\CLI\BaseCommand.php(225): require('C:\\xampp\\htdocs...')
#2 C:\xampp\htdocs\www\AMFS-refactor\system\Commands\Database\Migrate.php(98): CodeIgniter\CLI\BaseCommand->showError(Object(CodeIgniter\Database\Exceptions\DatabaseException))
#3 C:\xampp\htdocs\www\AMFS-refactor\system\CLI\Commands.php(72): CodeIgniter\Commands\Database\Migrate->run(Array)
#4 C:\xampp\htdocs\www\AMFS-refactor\system\CLI\Console.php(46): CodeIgniter\CLI\Commands->run('migrate', Array)
#5 C:\xampp\htdocs\www\AMFS-refactor\system\Boot.php(366): CodeIgniter\CLI\Console->run()
#6 C:\xampp\htdocs\www\AMFS-refactor\system\Boot.php(104): CodeIgniter\Boot::runCommand(Object(CodeIgniter\CLI\Console))
#7 C:\xampp\htdocs\www\AMFS-refactor\spark(87): CodeIgniter\Boot::bootSpark(Object(Config\Paths))
#8 {main}
[Method: CLI, Route: migrate]
in APPPATH\Views\errors\cli\error_exception.php on line 36.
 1 [internal function]: CodeIgniter\Debug\Exceptions->shutdownHandler()
CRITICAL - 2026-04-10 14:51:32 --> ErrorException: Declaration of App\Database\Migrations\Categories::up() must be compatible with CodeIgniter\Database\Migration::up(): void
[Method: CLI, Route: migrate]
in APPPATH\Database\Migrations\2026-04-10-144552_Categories.php on line 9.
 1 [internal function]: CodeIgniter\Debug\Exceptions->shutdownHandler()
CRITICAL - 2026-04-10 14:51:59 --> ErrorException: Declaration of App\Database\Migrations\Categories::up() must be compatible with CodeIgniter\Database\Migration::up(): void
[Method: CLI, Route: migrate]
in APPPATH\Database\Migrations\2026-04-10-144552_Categories.php on line 9.
 1 [internal function]: CodeIgniter\Debug\Exceptions->shutdownHandler()
CRITICAL - 2026-04-10 14:52:17 --> ErrorException: Declaration of App\Database\Migrations\Categories::up() must be compatible with CodeIgniter\Database\Migration::up(): void
[Method: CLI, Route: migrate]
in APPPATH\Database\Migrations\2026-04-10-144552_Categories.php on line 9.
 1 [internal function]: CodeIgniter\Debug\Exceptions->shutdownHandler()
CRITICAL - 2026-04-10 14:54:00 --> TypeError: str_pad(): Argument #1 ($string) must be of type string, int given
[Method: CLI, Route: migrate:refresh]
in APPPATH\Views\errors\cli\error_exception.php on line 36.
 1 APPPATH\Views\errors\cli\error_exception.php(36): str_pad(1, 3, ' ', 0)
 2 SYSTEMPATH\CLI\BaseCommand.php(225): require('C:\\xampp\\htdocs\\www\\AMFS-refactor\\app\\Views\\errors\\cli\\error_exception.php')
 3 SYSTEMPATH\Commands\Database\MigrateRollback.php(114): CodeIgniter\CLI\BaseCommand->showError(Object(CodeIgniter\Exceptions\RuntimeException))
 4 SYSTEMPATH\CLI\Commands.php(72): CodeIgniter\Commands\Database\MigrateRollback->run([...])
 5 SYSTEMPATH\CLI\BaseCommand.php(213): CodeIgniter\CLI\Commands->run('migrate:rollback', [...])
 6 SYSTEMPATH\Commands\Database\MigrateRefresh.php(86): CodeIgniter\CLI\BaseCommand->call('migrate:rollback', [...])
 7 SYSTEMPATH\CLI\Commands.php(72): CodeIgniter\Commands\Database\MigrateRefresh->run([...])
 8 SYSTEMPATH\CLI\Console.php(46): CodeIgniter\CLI\Commands->run('migrate:refresh', [...])
 9 SYSTEMPATH\Boot.php(366): CodeIgniter\CLI\Console->run()
10 SYSTEMPATH\Boot.php(104): CodeIgniter\Boot::runCommand(Object(CodeIgniter\CLI\Console))
11 ROOTPATH\spark(87): CodeIgniter\Boot::bootSpark(Object(Config\Paths))
CRITICAL - 2026-04-10 14:54:00 --> ErrorException: Uncaught TypeError: str_pad(): Argument #1 ($string) must be of type string, int given in C:\xampp\htdocs\www\AMFS-refactor\app\Views\errors\cli\error_exception.php:36
Stack trace:
#0 C:\xampp\htdocs\www\AMFS-refactor\app\Views\errors\cli\error_exception.php(36): str_pad(1, 3, ' ', 0)
#1 C:\xampp\htdocs\www\AMFS-refactor\system\Debug\BaseExceptionHandler.php(228): include('C:\\xampp\\htdocs...')
#2 C:\xampp\htdocs\www\AMFS-refactor\system\Debug\BaseExceptionHandler.php(231): CodeIgniter\Debug\BaseExceptionHandler->CodeIgniter\Debug\{closure}()
#3 C:\xampp\htdocs\www\AMFS-refactor\system\Debug\ExceptionHandler.php(115): CodeIgniter\Debug\BaseExceptionHandler->render(Object(TypeError), 500, 'C:\\xampp\\htdocs...')
#4 C:\xampp\htdocs\www\AMFS-refactor\system\Debug\Exceptions.php(156): CodeIgniter\Debug\ExceptionHandler->handle(Object(TypeError), Object(CodeIgniter\HTTP\CLIRequest), Object(CodeIgniter\HTTP\Response), 500, 1)
#5 [internal function]: CodeIgniter\Debug\Exceptions->exceptionHandler(Object(TypeError))
#6 {main}
  thrown
【Previous Exception】
TypeError
str_pad(): Argument #1 ($string) must be of type string, int given
#0 C:\xampp\htdocs\www\AMFS-refactor\app\Views\errors\cli\error_exception.php(36): str_pad(1, 3, ' ', 0)
#1 C:\xampp\htdocs\www\AMFS-refactor\system\CLI\BaseCommand.php(225): require('C:\\xampp\\htdocs...')
#2 C:\xampp\htdocs\www\AMFS-refactor\system\Commands\Database\MigrateRollback.php(114): CodeIgniter\CLI\BaseCommand->showError(Object(CodeIgniter\Exceptions\RuntimeException))
#3 C:\xampp\htdocs\www\AMFS-refactor\system\CLI\Commands.php(72): CodeIgniter\Commands\Database\MigrateRollback->run(Array)
#4 C:\xampp\htdocs\www\AMFS-refactor\system\CLI\BaseCommand.php(213): CodeIgniter\CLI\Commands->run('migrate:rollbac...', Array)
#5 C:\xampp\htdocs\www\AMFS-refactor\system\Commands\Database\MigrateRefresh.php(86): CodeIgniter\CLI\BaseCommand->call('migrate:rollbac...', Array)
#6 C:\xampp\htdocs\www\AMFS-refactor\system\CLI\Commands.php(72): CodeIgniter\Commands\Database\MigrateRefresh->run(Array)
#7 C:\xampp\htdocs\www\AMFS-refactor\system\CLI\Console.php(46): CodeIgniter\CLI\Commands->run('migrate:refresh', Array)
#8 C:\xampp\htdocs\www\AMFS-refactor\system\Boot.php(366): CodeIgniter\CLI\Console->run()
#9 C:\xampp\htdocs\www\AMFS-refactor\system\Boot.php(104): CodeIgniter\Boot::runCommand(Object(CodeIgniter\CLI\Console))
#10 C:\xampp\htdocs\www\AMFS-refactor\spark(87): CodeIgniter\Boot::bootSpark(Object(Config\Paths))
#11 {main}
[Method: CLI, Route: migrate:refresh]
in APPPATH\Views\errors\cli\error_exception.php on line 36.
 1 [internal function]: CodeIgniter\Debug\Exceptions->shutdownHandler()
CRITICAL - 2026-04-10 14:54:51 --> TypeError: str_pad(): Argument #1 ($string) must be of type string, int given
[Method: CLI, Route: migrate:refresh]
in APPPATH\Views\errors\cli\error_exception.php on line 36.
 1 APPPATH\Views\errors\cli\error_exception.php(36): str_pad(1, 3, ' ', 0)
 2 SYSTEMPATH\CLI\BaseCommand.php(225): require('C:\\xampp\\htdocs\\www\\AMFS-refactor\\app\\Views\\errors\\cli\\error_exception.php')
 3 SYSTEMPATH\Commands\Database\MigrateRollback.php(114): CodeIgniter\CLI\BaseCommand->showError(Object(CodeIgniter\Exceptions\RuntimeException))
 4 SYSTEMPATH\CLI\Commands.php(72): CodeIgniter\Commands\Database\MigrateRollback->run([...])
 5 SYSTEMPATH\CLI\BaseCommand.php(213): CodeIgniter\CLI\Commands->run('migrate:rollback', [...])
 6 SYSTEMPATH\Commands\Database\MigrateRefresh.php(86): CodeIgniter\CLI\BaseCommand->call('migrate:rollback', [...])
 7 SYSTEMPATH\CLI\Commands.php(72): CodeIgniter\Commands\Database\MigrateRefresh->run([...])
 8 SYSTEMPATH\CLI\Console.php(46): CodeIgniter\CLI\Commands->run('migrate:refresh', [...])
 9 SYSTEMPATH\Boot.php(366): CodeIgniter\CLI\Console->run()
10 SYSTEMPATH\Boot.php(104): CodeIgniter\Boot::runCommand(Object(CodeIgniter\CLI\Console))
11 ROOTPATH\spark(87): CodeIgniter\Boot::bootSpark(Object(Config\Paths))
CRITICAL - 2026-04-10 14:54:51 --> ErrorException: Uncaught TypeError: str_pad(): Argument #1 ($string) must be of type string, int given in C:\xampp\htdocs\www\AMFS-refactor\app\Views\errors\cli\error_exception.php:36
Stack trace:
#0 C:\xampp\htdocs\www\AMFS-refactor\app\Views\errors\cli\error_exception.php(36): str_pad(1, 3, ' ', 0)
#1 C:\xampp\htdocs\www\AMFS-refactor\system\Debug\BaseExceptionHandler.php(228): include('C:\\xampp\\htdocs...')
#2 C:\xampp\htdocs\www\AMFS-refactor\system\Debug\BaseExceptionHandler.php(231): CodeIgniter\Debug\BaseExceptionHandler->CodeIgniter\Debug\{closure}()
#3 C:\xampp\htdocs\www\AMFS-refactor\system\Debug\ExceptionHandler.php(115): CodeIgniter\Debug\BaseExceptionHandler->render(Object(TypeError), 500, 'C:\\xampp\\htdocs...')
#4 C:\xampp\htdocs\www\AMFS-refactor\system\Debug\Exceptions.php(156): CodeIgniter\Debug\ExceptionHandler->handle(Object(TypeError), Object(CodeIgniter\HTTP\CLIRequest), Object(CodeIgniter\HTTP\Response), 500, 1)
#5 [internal function]: CodeIgniter\Debug\Exceptions->exceptionHandler(Object(TypeError))
#6 {main}
  thrown
【Previous Exception】
TypeError
str_pad(): Argument #1 ($string) must be of type string, int given
#0 C:\xampp\htdocs\www\AMFS-refactor\app\Views\errors\cli\error_exception.php(36): str_pad(1, 3, ' ', 0)
#1 C:\xampp\htdocs\www\AMFS-refactor\system\CLI\BaseCommand.php(225): require('C:\\xampp\\htdocs...')
#2 C:\xampp\htdocs\www\AMFS-refactor\system\Commands\Database\MigrateRollback.php(114): CodeIgniter\CLI\BaseCommand->showError(Object(CodeIgniter\Exceptions\RuntimeException))
#3 C:\xampp\htdocs\www\AMFS-refactor\system\CLI\Commands.php(72): CodeIgniter\Commands\Database\MigrateRollback->run(Array)
#4 C:\xampp\htdocs\www\AMFS-refactor\system\CLI\BaseCommand.php(213): CodeIgniter\CLI\Commands->run('migrate:rollbac...', Array)
#5 C:\xampp\htdocs\www\AMFS-refactor\system\Commands\Database\MigrateRefresh.php(86): CodeIgniter\CLI\BaseCommand->call('migrate:rollbac...', Array)
#6 C:\xampp\htdocs\www\AMFS-refactor\system\CLI\Commands.php(72): CodeIgniter\Commands\Database\MigrateRefresh->run(Array)
#7 C:\xampp\htdocs\www\AMFS-refactor\system\CLI\Console.php(46): CodeIgniter\CLI\Commands->run('migrate:refresh', Array)
#8 C:\xampp\htdocs\www\AMFS-refactor\system\Boot.php(366): CodeIgniter\CLI\Console->run()
#9 C:\xampp\htdocs\www\AMFS-refactor\system\Boot.php(104): CodeIgniter\Boot::runCommand(Object(CodeIgniter\CLI\Console))
#10 C:\xampp\htdocs\www\AMFS-refactor\spark(87): CodeIgniter\Boot::bootSpark(Object(Config\Paths))
#11 {main}
[Method: CLI, Route: migrate:refresh]
in APPPATH\Views\errors\cli\error_exception.php on line 36.
 1 [internal function]: CodeIgniter\Debug\Exceptions->shutdownHandler()
CRITICAL - 2026-04-10 14:57:01 --> ErrorException: Declaration of App\Database\Seeds\CategorieSeeder::run() must be compatible with CodeIgniter\Database\Seeder::run(): void
[Method: CLI, Route: db:seed/CategorieSeeder]
in APPPATH\Database\Seeds\CategorieSeeder.php on line 9.
 1 [internal function]: CodeIgniter\Debug\Exceptions->shutdownHandler()
CRITICAL - 2026-04-10 15:29:20 --> CodeIgniter\View\Exceptions\ViewException: Invalid file: "cartes/index.php"
[Method: GET, Route: /]
in SYSTEMPATH\Exceptions\FrameworkException.php on line 39.
 1 SYSTEMPATH\View\View.php(212): CodeIgniter\Exceptions\FrameworkException::forInvalidFile('cartes/index.php')
 2 SYSTEMPATH\Common.php(1181): CodeIgniter\View\View->render('cartes/index', [], true)
 3 APPPATH\Controllers\CartesController.php(22): view('cartes/index', [...])
 4 SYSTEMPATH\CodeIgniter.php(887): App\Controllers\CartesController->index()
 5 SYSTEMPATH\CodeIgniter.php(576): CodeIgniter\CodeIgniter->runController(Object(App\Controllers\CartesController))
 6 SYSTEMPATH\CodeIgniter.php(238): CodeIgniter\CodeIgniter->handleRequest(null, Object(Config\Cache), false)
 7 SYSTEMPATH\Boot.php(340): CodeIgniter\CodeIgniter->run()
 8 SYSTEMPATH\Boot.php(67): CodeIgniter\Boot::runCodeIgniter(Object(CodeIgniter\CodeIgniter))
 9 FCPATH\index.php(61): CodeIgniter\Boot::bootWeb(Object(Config\Paths))
CRITICAL - 2026-04-10 15:29:22 --> CodeIgniter\View\Exceptions\ViewException: Invalid file: "cartes/index.php"
[Method: GET, Route: /]
in SYSTEMPATH\Exceptions\FrameworkException.php on line 39.
 1 SYSTEMPATH\View\View.php(212): CodeIgniter\Exceptions\FrameworkException::forInvalidFile('cartes/index.php')
 2 SYSTEMPATH\Common.php(1181): CodeIgniter\View\View->render('cartes/index', [], true)
 3 APPPATH\Controllers\CartesController.php(22): view('cartes/index', [...])
 4 SYSTEMPATH\CodeIgniter.php(887): App\Controllers\CartesController->index()
 5 SYSTEMPATH\CodeIgniter.php(576): CodeIgniter\CodeIgniter->runController(Object(App\Controllers\CartesController))
 6 SYSTEMPATH\CodeIgniter.php(238): CodeIgniter\CodeIgniter->handleRequest(null, Object(Config\Cache), false)
 7 SYSTEMPATH\Boot.php(340): CodeIgniter\CodeIgniter->run()
 8 SYSTEMPATH\Boot.php(67): CodeIgniter\Boot::runCodeIgniter(Object(CodeIgniter\CodeIgniter))
 9 FCPATH\index.php(61): CodeIgniter\Boot::bootWeb(Object(Config\Paths))
DEBUG - 2026-04-10 15:29:48 --> Session: Class initialized using 'CodeIgniter\Session\Handlers\FileHandler' driver.
DEBUG - 2026-04-10 15:30:00 --> Session: Class initialized using 'CodeIgniter\Session\Handlers\FileHandler' driver.
DEBUG - 2026-04-10 15:31:04 --> Session: Class initialized using 'CodeIgniter\Session\Handlers\FileHandler' driver.
DEBUG - 2026-04-10 15:31:50 --> Session: Class initialized using 'CodeIgniter\Session\Handlers\FileHandler' driver.
DEBUG - 2026-04-10 15:33:48 --> Session: Class initialized using 'CodeIgniter\Session\Handlers\FileHandler' driver.
DEBUG - 2026-04-10 15:33:54 --> Session: Class initialized using 'CodeIgniter\Session\Handlers\FileHandler' driver.
DEBUG - 2026-04-10 15:33:54 --> Session: Class initialized using 'CodeIgniter\Session\Handlers\FileHandler' driver.
DEBUG - 2026-04-10 15:34:00 --> Session: Class initialized using 'CodeIgniter\Session\Handlers\FileHandler' driver.
DEBUG - 2026-04-10 15:34:00 --> Session: Class initialized using 'CodeIgniter\Session\Handlers\FileHandler' driver.
DEBUG - 2026-04-10 15:34:04 --> Session: Class initialized using 'CodeIgniter\Session\Handlers\FileHandler' driver.
DEBUG - 2026-04-10 15:34:19 --> Session: Class initialized using 'CodeIgniter\Session\Handlers\FileHandler' driver.
DEBUG - 2026-04-10 15:36:45 --> Session: Class initialized using 'CodeIgniter\Session\Handlers\FileHandler' driver.
