DEBUG - 2026-04-11 16:30:29 --> Session: Class initialized using 'CodeIgniter\Session\Handlers\FileHandler' driver.
DEBUG - 2026-04-11 16:30:30 --> Session: Class initialized using 'CodeIgniter\Session\Handlers\FileHandler' driver.
DEBUG - 2026-04-11 16:30:31 --> Session: Class initialized using 'CodeIgniter\Session\Handlers\FileHandler' driver.
DEBUG - 2026-04-11 16:30:31 --> Session: Class initialized using 'CodeIgniter\Session\Handlers\FileHandler' driver.
DEBUG - 2026-04-11 16:31:06 --> Session: Class initialized using 'CodeIgniter\Session\Handlers\FileHandler' driver.
DEBUG - 2026-04-11 16:31:07 --> Session: Class initialized using 'CodeIgniter\Session\Handlers\FileHandler' driver.
DEBUG - 2026-04-11 16:31:33 --> Session: Class initialized using 'CodeIgniter\Session\Handlers\FileHandler' driver.
DEBUG - 2026-04-11 16:31:33 --> Session: Class initialized using 'CodeIgniter\Session\Handlers\FileHandler' driver.
DEBUG - 2026-04-11 16:34:39 --> Session: Class initialized using 'CodeIgniter\Session\Handlers\FileHandler' driver.
DEBUG - 2026-04-11 16:34:40 --> Session: Class initialized using 'CodeIgniter\Session\Handlers\FileHandler' driver.
DEBUG - 2026-04-11 16:34:42 --> Session: Class initialized using 'CodeIgniter\Session\Handlers\FileHandler' driver.
DEBUG - 2026-04-11 16:34:42 --> Session: Class initialized using 'CodeIgniter\Session\Handlers\FileHandler' driver.
DEBUG - 2026-04-11 16:34:49 --> Session: Class initialized using 'CodeIgniter\Session\Handlers\FileHandler' driver.
DEBUG - 2026-04-11 16:34:50 --> Session: Class initialized using 'CodeIgniter\Session\Handlers\FileHandler' driver.
DEBUG - 2026-04-11 16:35:23 --> Session: Class initialized using 'CodeIgniter\Session\Handlers\FileHandler' driver.
DEBUG - 2026-04-11 16:35:24 --> Session: Class initialized using 'CodeIgniter\Session\Handlers\FileHandler' driver.
DEBUG - 2026-04-11 16:35:24 --> Session: Class initialized using 'CodeIgniter\Session\Handlers\FileHandler' driver.
DEBUG - 2026-04-11 16:35:39 --> Session: Class initialized using 'CodeIgniter\Session\Handlers\FileHandler' driver.
DEBUG - 2026-04-11 16:35:41 --> Session: Class initialized using 'CodeIgniter\Session\Handlers\FileHandler' driver.
DEBUG - 2026-04-11 16:35:42 --> Session: Class initialized using 'CodeIgniter\Session\Handlers\FileHandler' driver.
DEBUG - 2026-04-11 16:35:42 --> Session: Class initialized using 'CodeIgniter\Session\Handlers\FileHandler' driver.
DEBUG - 2026-04-11 16:36:16 --> Session: Class initialized using 'CodeIgniter\Session\Handlers\FileHandler' driver.
DEBUG - 2026-04-11 16:36:17 --> Session: Class initialized using 'CodeIgniter\Session\Handlers\FileHandler' driver.
DEBUG - 2026-04-11 16:36:30 --> Session: Class initialized using 'CodeIgniter\Session\Handlers\FileHandler' driver.
DEBUG - 2026-04-11 16:36:30 --> Session: Class initialized using 'CodeIgniter\Session\Handlers\FileHandler' driver.
DEBUG - 2026-04-11 16:36:31 --> Session: Class initialized using 'CodeIgniter\Session\Handlers\FileHandler' driver.
DEBUG - 2026-04-11 16:36:40 --> Session: Class initialized using 'CodeIgniter\Session\Handlers\FileHandler' driver.
DEBUG - 2026-04-11 16:36:41 --> Session: Class initialized using 'CodeIgniter\Session\Handlers\FileHandler' driver.
DEBUG - 2026-04-11 16:36:42 --> Session: Class initialized using 'CodeIgniter\Session\Handlers\FileHandler' driver.
DEBUG - 2026-04-11 16:36:43 --> Session: Class initialized using 'CodeIgniter\Session\Handlers\FileHandler' driver.
DEBUG - 2026-04-11 16:36:51 --> Session: Class initialized using 'CodeIgniter\Session\Handlers\FileHandler' driver.
DEBUG - 2026-04-11 16:36:52 --> Session: Class initialized using 'CodeIgniter\Session\Handlers\FileHandler' driver.
DEBUG - 2026-04-11 16:36:52 --> Session: Class initialized using 'CodeIgniter\Session\Handlers\FileHandler' driver.
DEBUG - 2026-04-11 16:36:55 --> Session: Class initialized using 'CodeIgniter\Session\Handlers\FileHandler' driver.
DEBUG - 2026-04-11 16:36:56 --> Session: Class initialized using 'CodeIgniter\Session\Handlers\FileHandler' driver.
ERROR - 2026-04-11 16:37:02 --> Email: sendWithMail throwed ErrorException: mail(): Failed to connect to mailserver at &quot;localhost&quot; port 25, verify your &quot;SMTP&quot; and &quot;smtp_port&quot; setting in php.ini or use ini_set() in C:\xampp\htdocs\www\AMFS-refactor\system\Email\Email.php:1797
Stack trace:
#0 [internal function]: CodeIgniter\Debug\Exceptions->errorHandler(2, 'mail(): Failed ...', 'C:\\xampp\\htdocs...', 1797)
#1 C:\xampp\htdocs\www\AMFS-refactor\system\Email\Email.php(1797): mail('mathisfrances11...', '=?UTF-8?Q?Votre...', 'This is a multi...', 'Date: Sat, 11 A...', '-f mathisfrance...')
#2 C:\xampp\htdocs\www\AMFS-refactor\system\Email\Email.php(1729): CodeIgniter\Email\Email->sendWithMail()
#3 C:\xampp\htdocs\www\AMFS-refactor\system\Email\Email.php(1012): CodeIgniter\Email\Email->spoolEmail()
#4 C:\xampp\htdocs\www\AMFS-refactor\vendor\codeigniter4\shield\src\Controllers\MagicLinkController.php(135): CodeIgniter\Email\Email->send(false)
#5 C:\xampp\htdocs\www\AMFS-refactor\system\CodeIgniter.php(887): CodeIgniter\Shield\Controllers\MagicLinkController->loginAction()
#6 C:\xampp\htdocs\www\AMFS-refactor\system\CodeIgniter.php(576): CodeIgniter\CodeIgniter->runController(Object(CodeIgniter\Shield\Controllers\MagicLinkController))
#7 C:\xampp\htdocs\www\AMFS-refactor\system\CodeIgniter.php(238): CodeIgniter\CodeIgniter->handleRequest(NULL, Object(Config\Cache), false)
#8 C:\xampp\htdocs\www\AMFS-refactor\system\Boot.php(340): CodeIgniter\CodeIgniter->run()
#9 C:\xampp\htdocs\www\AMFS-refactor\system\Boot.php(67): CodeIgniter\Boot::runCodeIgniter(Object(CodeIgniter\CodeIgniter))
#10 C:\xampp\htdocs\www\AMFS-refactor\public\index.php(61): CodeIgniter\Boot::bootWeb(Object(Config\Paths))
#11 {main}
ERROR - 2026-04-11 16:37:02 --> Email: Unable to send email using PHP mail(). Your server might not be configured to send mail using this method.
ERROR - 2026-04-11 16:37:02 --> 
ERROR - 2026-04-11 16:37:02 --> Unable to send email using PHP mail(). Your server might not be configured to send mail using this method.<br><pre>Date: Sat, 11 Apr 2026 16:37:00 +0000
From: &quot;Mathis&quot; &lt;mathisfrances11@gmail.com&gt;
Return-Path: &lt;mathisfrances11@gmail.com&gt;
Reply-To: &lt;mathisfrances11@gmail.com&gt;
User-Agent: CodeIgniter
X-Sender: mathisfrances11@gmail.com
X-Mailer: CodeIgniter
X-Priority: 3 (Normal)
Message-ID: &lt;69da78ac216a14.48791420@gmail.com&gt;
Mime-Version: 1.0
Content-Type: multipart/alternative; boundary=&quot;B_ALT_69da78ac216d81.74996028&quot;
</pre>
DEBUG - 2026-04-11 16:37:02 --> Session: Class initialized using 'CodeIgniter\Session\Handlers\FileHandler' driver.
DEBUG - 2026-04-11 16:37:02 --> Session: Class initialized using 'CodeIgniter\Session\Handlers\FileHandler' driver.
DEBUG - 2026-04-11 16:37:03 --> Session: Class initialized using 'CodeIgniter\Session\Handlers\FileHandler' driver.
DEBUG - 2026-04-11 16:37:07 --> Session: Class initialized using 'CodeIgniter\Session\Handlers\FileHandler' driver.
DEBUG - 2026-04-11 16:37:08 --> Session: Class initialized using 'CodeIgniter\Session\Handlers\FileHandler' driver.
DEBUG - 2026-04-11 16:37:11 --> Session: Class initialized using 'CodeIgniter\Session\Handlers\FileHandler' driver.
DEBUG - 2026-04-11 16:37:11 --> Session: Class initialized using 'CodeIgniter\Session\Handlers\FileHandler' driver.
DEBUG - 2026-04-11 16:37:14 --> Session: Class initialized using 'CodeIgniter\Session\Handlers\FileHandler' driver.
DEBUG - 2026-04-11 16:37:14 --> Session: Class initialized using 'CodeIgniter\Session\Handlers\FileHandler' driver.
DEBUG - 2026-04-11 16:47:51 --> Session: Class initialized using 'CodeIgniter\Session\Handlers\FileHandler' driver.
DEBUG - 2026-04-11 16:47:52 --> Session: Class initialized using 'CodeIgniter\Session\Handlers\FileHandler' driver.
DEBUG - 2026-04-11 16:48:00 --> Session: Class initialized using 'CodeIgniter\Session\Handlers\FileHandler' driver.
DEBUG - 2026-04-11 16:48:01 --> Session: Class initialized using 'CodeIgniter\Session\Handlers\FileHandler' driver.
DEBUG - 2026-04-11 16:48:04 --> Session: Class initialized using 'CodeIgniter\Session\Handlers\FileHandler' driver.
DEBUG - 2026-04-11 16:48:04 --> Session: Class initialized using 'CodeIgniter\Session\Handlers\FileHandler' driver.
DEBUG - 2026-04-11 16:48:05 --> Session: Class initialized using 'CodeIgniter\Session\Handlers\FileHandler' driver.
DEBUG - 2026-04-11 16:48:42 --> Session: Class initialized using 'CodeIgniter\Session\Handlers\FileHandler' driver.
DEBUG - 2026-04-11 16:48:43 --> Session: Class initialized using 'CodeIgniter\Session\Handlers\FileHandler' driver.
DEBUG - 2026-04-11 16:48:47 --> Session: Class initialized using 'CodeIgniter\Session\Handlers\FileHandler' driver.
DEBUG - 2026-04-11 16:48:47 --> Session: Class initialized using 'CodeIgniter\Session\Handlers\FileHandler' driver.
DEBUG - 2026-04-11 16:48:48 --> Session: Class initialized using 'CodeIgniter\Session\Handlers\FileHandler' driver.
DEBUG - 2026-04-11 16:48:51 --> Session: Class initialized using 'CodeIgniter\Session\Handlers\FileHandler' driver.
DEBUG - 2026-04-11 16:48:52 --> Session: Class initialized using 'CodeIgniter\Session\Handlers\FileHandler' driver.
DEBUG - 2026-04-11 16:49:36 --> Session: Class initialized using 'CodeIgniter\Session\Handlers\FileHandler' driver.
DEBUG - 2026-04-11 16:49:36 --> Session: Class initialized using 'CodeIgniter\Session\Handlers\FileHandler' driver.
DEBUG - 2026-04-11 16:49:37 --> Session: Class initialized using 'CodeIgniter\Session\Handlers\FileHandler' driver.
DEBUG - 2026-04-11 16:49:38 --> Session: Class initialized using 'CodeIgniter\Session\Handlers\FileHandler' driver.
DEBUG - 2026-04-11 16:50:00 --> Session: Class initialized using 'CodeIgniter\Session\Handlers\FileHandler' driver.
DEBUG - 2026-04-11 16:50:01 --> Session: Class initialized using 'CodeIgniter\Session\Handlers\FileHandler' driver.
DEBUG - 2026-04-11 16:50:03 --> Session: Class initialized using 'CodeIgniter\Session\Handlers\FileHandler' driver.
DEBUG - 2026-04-11 16:50:04 --> Session: Class initialized using 'CodeIgniter\Session\Handlers\FileHandler' driver.
DEBUG - 2026-04-11 16:50:20 --> Session: Class initialized using 'CodeIgniter\Session\Handlers\FileHandler' driver.
DEBUG - 2026-04-11 16:50:21 --> Session: Class initialized using 'CodeIgniter\Session\Handlers\FileHandler' driver.
DEBUG - 2026-04-11 16:50:22 --> Session: Class initialized using 'CodeIgniter\Session\Handlers\FileHandler' driver.
CRITICAL - 2026-04-11 16:53:55 --> TypeError: str_pad(): Argument #1 ($string) must be of type string, int given
[Method: CLI, Route: migrate:refresh]
in APPPATH\Views\errors\cli\error_exception.php on line 36.
 1 APPPATH\Views\errors\cli\error_exception.php(36): str_pad(1, 3, ' ', 0)
 2 SYSTEMPATH\CLI\BaseCommand.php(225): require('C:\\xampp\\htdocs\\www\\AMFS-refactor\\app\\Views\\errors\\cli\\error_exception.php')
 3 SYSTEMPATH\Commands\Database\MigrateRollback.php(114): CodeIgniter\CLI\BaseCommand->showError(Object(CodeIgniter\Exceptions\RuntimeException))
 4 SYSTEMPATH\CLI\Commands.php(72): CodeIgniter\Commands\Database\MigrateRollback->run([...])
 5 SYSTEMPATH\CLI\BaseCommand.php(213): CodeIgniter\CLI\Commands->run('migrate:rollback', [...])
 6 SYSTEMPATH\Commands\Database\MigrateRefresh.php(86): CodeIgniter\CLI\BaseCommand->call('migrate:rollback', [...])
 7 SYSTEMPATH\CLI\Commands.php(72): CodeIgniter\Commands\Database\MigrateRefresh->run([...])
 8 SYSTEMPATH\CLI\Console.php(46): CodeIgniter\CLI\Commands->run('migrate:refresh', [])
 9 SYSTEMPATH\Boot.php(366): CodeIgniter\CLI\Console->run()
10 SYSTEMPATH\Boot.php(104): CodeIgniter\Boot::runCommand(Object(CodeIgniter\CLI\Console))
11 ROOTPATH\spark(87): CodeIgniter\Boot::bootSpark(Object(Config\Paths))
CRITICAL - 2026-04-11 16:53:55 --> ErrorException: Uncaught TypeError: str_pad(): Argument #1 ($string) must be of type string, int given in C:\xampp\htdocs\www\AMFS-refactor\app\Views\errors\cli\error_exception.php:36
Stack trace:
#0 C:\xampp\htdocs\www\AMFS-refactor\app\Views\errors\cli\error_exception.php(36): str_pad(1, 3, ' ', 0)
#1 C:\xampp\htdocs\www\AMFS-refactor\system\Debug\BaseExceptionHandler.php(228): include('C:\\xampp\\htdocs...')
#2 C:\xampp\htdocs\www\AMFS-refactor\system\Debug\BaseExceptionHandler.php(231): CodeIgniter\Debug\BaseExceptionHandler->CodeIgniter\Debug\{closure}()
#3 C:\xampp\htdocs\www\AMFS-refactor\system\Debug\ExceptionHandler.php(115): CodeIgniter\Debug\BaseExceptionHandler->render(Object(TypeError), 500, 'C:\\xampp\\htdocs...')
#4 C:\xampp\htdocs\www\AMFS-refactor\system\Debug\Exceptions.php(156): CodeIgniter\Debug\ExceptionHandler->handle(Object(TypeError), Object(CodeIgniter\HTTP\CLIRequest), Object(CodeIgniter\HTTP\Response), 500, 1)
#5 [internal function]: CodeIgniter\Debug\Exceptions->exceptionHandler(Object(TypeError))
#6 {main}
  thrown
【Previous Exception】
TypeError
str_pad(): Argument #1 ($string) must be of type string, int given
#0 C:\xampp\htdocs\www\AMFS-refactor\app\Views\errors\cli\error_exception.php(36): str_pad(1, 3, ' ', 0)
#1 C:\xampp\htdocs\www\AMFS-refactor\system\CLI\BaseCommand.php(225): require('C:\\xampp\\htdocs...')
#2 C:\xampp\htdocs\www\AMFS-refactor\system\Commands\Database\MigrateRollback.php(114): CodeIgniter\CLI\BaseCommand->showError(Object(CodeIgniter\Exceptions\RuntimeException))
#3 C:\xampp\htdocs\www\AMFS-refactor\system\CLI\Commands.php(72): CodeIgniter\Commands\Database\MigrateRollback->run(Array)
#4 C:\xampp\htdocs\www\AMFS-refactor\system\CLI\BaseCommand.php(213): CodeIgniter\CLI\Commands->run('migrate:rollbac...', Array)
#5 C:\xampp\htdocs\www\AMFS-refactor\system\Commands\Database\MigrateRefresh.php(86): CodeIgniter\CLI\BaseCommand->call('migrate:rollbac...', Array)
#6 C:\xampp\htdocs\www\AMFS-refactor\system\CLI\Commands.php(72): CodeIgniter\Commands\Database\MigrateRefresh->run(Array)
#7 C:\xampp\htdocs\www\AMFS-refactor\system\CLI\Console.php(46): CodeIgniter\CLI\Commands->run('migrate:refresh', Array)
#8 C:\xampp\htdocs\www\AMFS-refactor\system\Boot.php(366): CodeIgniter\CLI\Console->run()
#9 C:\xampp\htdocs\www\AMFS-refactor\system\Boot.php(104): CodeIgniter\Boot::runCommand(Object(CodeIgniter\CLI\Console))
#10 C:\xampp\htdocs\www\AMFS-refactor\spark(87): CodeIgniter\Boot::bootSpark(Object(Config\Paths))
#11 {main}
[Method: CLI, Route: migrate:refresh]
in APPPATH\Views\errors\cli\error_exception.php on line 36.
 1 [internal function]: CodeIgniter\Debug\Exceptions->shutdownHandler()
